05-May-2017 22:52:43.520 INFO [main] org.apache.catalina.startup.VersionLoggerListener.log Server version:        Apache Tomcat/8.5.11
05-May-2017 22:52:43.587 INFO [main] org.apache.catalina.startup.VersionLoggerListener.log Server built:          Jan 10 2017 21:02:52 UTC
05-May-2017 22:52:43.587 INFO [main] org.apache.catalina.startup.VersionLoggerListener.log Server number:         8.5.11.0
05-May-2017 22:52:43.587 INFO [main] org.apache.catalina.startup.VersionLoggerListener.log OS Name:               Linux
05-May-2017 22:52:43.588 INFO [main] org.apache.catalina.startup.VersionLoggerListener.log OS Version:            3.10.0-514.16.1.el7.x86_64
05-May-2017 22:52:43.588 INFO [main] org.apache.catalina.startup.VersionLoggerListener.log Architecture:          amd64
05-May-2017 22:52:43.588 INFO [main] org.apache.catalina.startup.VersionLoggerListener.log Java Home:             /usr/lib/jvm/java-1.8.0-openjdk-1.8.0.131-2.b11.el7_3.x86_64/jre
05-May-2017 22:52:43.588 INFO [main] org.apache.catalina.startup.VersionLoggerListener.log JVM Version:           1.8.0_131-b11
05-May-2017 22:52:43.588 INFO [main] org.apache.catalina.startup.VersionLoggerListener.log JVM Vendor:            Oracle Corporation
05-May-2017 22:52:43.588 INFO [main] org.apache.catalina.startup.VersionLoggerListener.log CATALINA_BASE:         /root/tomcat/tomcat-8.5.11
05-May-2017 22:52:43.588 INFO [main] org.apache.catalina.startup.VersionLoggerListener.log CATALINA_HOME:         /root/tomcat/tomcat-8.5.11
05-May-2017 22:52:43.588 INFO [main] org.apache.catalina.startup.VersionLoggerListener.log Command line argument: -Djava.util.logging.config.file=/root/tomcat/tomcat-8.5.11/conf/logging.properties
05-May-2017 22:52:43.589 INFO [main] org.apache.catalina.startup.VersionLoggerListener.log Command line argument: -Djava.util.logging.manager=org.apache.juli.ClassLoaderLogManager
05-May-2017 22:52:43.589 INFO [main] org.apache.catalina.startup.VersionLoggerListener.log Command line argument: -Djdk.tls.ephemeralDHKeySize=2048
05-May-2017 22:52:43.589 INFO [main] org.apache.catalina.startup.VersionLoggerListener.log Command line argument: -Djava.protocol.handler.pkgs=org.apache.catalina.webresources
05-May-2017 22:52:43.589 INFO [main] org.apache.catalina.startup.VersionLoggerListener.log Command line argument: -Dcatalina.base=/root/tomcat/tomcat-8.5.11
05-May-2017 22:52:43.589 INFO [main] org.apache.catalina.startup.VersionLoggerListener.log Command line argument: -Dcatalina.home=/root/tomcat/tomcat-8.5.11
05-May-2017 22:52:43.589 INFO [main] org.apache.catalina.startup.VersionLoggerListener.log Command line argument: -Djava.io.tmpdir=/root/tomcat/tomcat-8.5.11/temp
05-May-2017 22:52:43.589 INFO [main] org.apache.catalina.core.AprLifecycleListener.lifecycleEvent The APR based Apache Tomcat Native library which allows optimal performance in production environments was not found on the java.library.path: /usr/java/packages/lib/amd64:/usr/lib64:/lib64:/lib:/usr/lib
05-May-2017 22:52:43.870 INFO [main] org.apache.coyote.AbstractProtocol.init Initializing ProtocolHandler ["http-nio-8080"]
05-May-2017 22:52:43.956 INFO [main] org.apache.tomcat.util.net.NioSelectorPool.getSharedSelector Using a shared selector for servlet write/read
05-May-2017 22:52:43.960 INFO [main] org.apache.coyote.AbstractProtocol.init Initializing ProtocolHandler ["ajp-nio-8009"]
05-May-2017 22:52:43.962 INFO [main] org.apache.tomcat.util.net.NioSelectorPool.getSharedSelector Using a shared selector for servlet write/read
05-May-2017 22:52:43.975 INFO [main] org.apache.catalina.startup.Catalina.load Initialization processed in 2071 ms
05-May-2017 22:52:44.066 INFO [main] org.apache.catalina.core.StandardService.startInternal Starting service Catalina
05-May-2017 22:52:44.067 INFO [main] org.apache.catalina.core.StandardEngine.startInternal Starting Servlet Engine: Apache Tomcat/8.5.11
05-May-2017 22:52:44.150 INFO [localhost-startStop-1] org.apache.catalina.startup.HostConfig.deployDirectory Deploying web application directory /root/tomcat/tomcat-8.5.11/webapps/examples
05-May-2017 22:52:45.916 INFO [localhost-startStop-1] org.apache.catalina.util.SessionIdGeneratorBase.createSecureRandom Creation of SecureRandom instance for session ID generation using [SHA1PRNG] took [139] milliseconds.
05-May-2017 22:52:45.995 INFO [localhost-startStop-1] org.apache.catalina.startup.HostConfig.deployDirectory Deployment of web application directory /root/tomcat/tomcat-8.5.11/webapps/examples has finished in 1,844 ms
05-May-2017 22:52:45.995 INFO [localhost-startStop-1] org.apache.catalina.startup.HostConfig.deployDirectory Deploying web application directory /root/tomcat/tomcat-8.5.11/webapps/docs
05-May-2017 22:52:46.056 INFO [localhost-startStop-1] org.apache.catalina.startup.HostConfig.deployDirectory Deployment of web application directory /root/tomcat/tomcat-8.5.11/webapps/docs has finished in 61 ms
05-May-2017 22:52:46.056 INFO [localhost-startStop-1] org.apache.catalina.startup.HostConfig.deployDirectory Deploying web application directory /root/tomcat/tomcat-8.5.11/webapps/engreview
05-May-2017 22:52:47.348 INFO [localhost-startStop-1] org.apache.jasper.servlet.TldScanner.scanJars At least one JAR was scanned for TLDs yet contained no TLDs. Enable debug logging for this logger for a complete list of JARs that were scanned but no TLDs were found in them. Skipping unneeded JARs during scanning can improve startup time and JSP compilation time.
05-May-2017 22:52:47.419 INFO [localhost-startStop-1] org.apache.catalina.startup.HostConfig.deployDirectory Deployment of web application directory /root/tomcat/tomcat-8.5.11/webapps/engreview has finished in 1,363 ms
05-May-2017 22:52:47.419 INFO [localhost-startStop-1] org.apache.catalina.startup.HostConfig.deployDirectory Deploying web application directory /root/tomcat/tomcat-8.5.11/webapps/manager
05-May-2017 22:52:47.510 INFO [localhost-startStop-1] org.apache.catalina.startup.HostConfig.deployDirectory Deployment of web application directory /root/tomcat/tomcat-8.5.11/webapps/manager has finished in 91 ms
05-May-2017 22:52:47.510 INFO [localhost-startStop-1] org.apache.catalina.startup.HostConfig.deployDirectory Deploying web application directory /root/tomcat/tomcat-8.5.11/webapps/ROOT
05-May-2017 22:52:47.541 INFO [localhost-startStop-1] org.apache.catalina.startup.HostConfig.deployDirectory Deployment of web application directory /root/tomcat/tomcat-8.5.11/webapps/ROOT has finished in 31 ms
05-May-2017 22:52:47.541 INFO [localhost-startStop-1] org.apache.catalina.startup.HostConfig.deployDirectory Deploying web application directory /root/tomcat/tomcat-8.5.11/webapps/host-manager
05-May-2017 22:52:47.592 INFO [localhost-startStop-1] org.apache.catalina.startup.HostConfig.deployDirectory Deployment of web application directory /root/tomcat/tomcat-8.5.11/webapps/host-manager has finished in 51 ms
05-May-2017 22:52:47.601 INFO [main] org.apache.coyote.AbstractProtocol.start Starting ProtocolHandler [http-nio-8080]
05-May-2017 22:52:47.620 INFO [main] org.apache.coyote.AbstractProtocol.start Starting ProtocolHandler [ajp-nio-8009]
05-May-2017 22:52:47.640 INFO [main] org.apache.catalina.startup.Catalina.start Server startup in 3664 ms
05-May-2017 22:52:49.058 INFO [http-nio-8080-exec-7] org.hibernate.Version.logVersion HHH000412: Hibernate Core {5.0.1.Final}
05-May-2017 22:52:49.059 INFO [http-nio-8080-exec-7] org.hibernate.cfg.Environment.<clinit> HHH000206: hibernate.properties not found
05-May-2017 22:52:49.061 INFO [http-nio-8080-exec-7] org.hibernate.cfg.Environment.buildBytecodeProvider HHH000021: Bytecode provider name : javassist
05-May-2017 22:52:49.973 INFO [http-nio-8080-exec-7] org.hibernate.annotations.common.reflection.java.JavaReflectionManager.<clinit> HCANN000001: Hibernate Commons Annotations {5.0.0.Final}
05-May-2017 23:03:34.562 INFO [main] org.apache.catalina.core.StandardServer.await A valid shutdown command was received via the shutdown port. Stopping the Server instance.
05-May-2017 23:03:34.563 INFO [main] org.apache.coyote.AbstractProtocol.pause Pausing ProtocolHandler ["http-nio-8080"]
05-May-2017 23:03:34.618 INFO [main] org.apache.coyote.AbstractProtocol.pause Pausing ProtocolHandler ["ajp-nio-8009"]
05-May-2017 23:03:34.670 INFO [main] org.apache.catalina.core.StandardService.stopInternal Stopping service Catalina
05-May-2017 23:03:34.769 INFO [main] org.apache.coyote.AbstractProtocol.stop Stopping ProtocolHandler ["http-nio-8080"]
05-May-2017 23:03:34.773 INFO [main] org.apache.coyote.AbstractProtocol.stop Stopping ProtocolHandler ["ajp-nio-8009"]
05-May-2017 23:03:34.774 INFO [main] org.apache.coyote.AbstractProtocol.destroy Destroying ProtocolHandler ["http-nio-8080"]
05-May-2017 23:03:34.778 INFO [main] org.apache.coyote.AbstractProtocol.destroy Destroying ProtocolHandler ["ajp-nio-8009"]
05-May-2017 23:04:07.271 INFO [main] org.apache.catalina.startup.VersionLoggerListener.log Server version:        Apache Tomcat/8.5.11
05-May-2017 23:04:07.273 INFO [main] org.apache.catalina.startup.VersionLoggerListener.log Server built:          Jan 10 2017 21:02:52 UTC
05-May-2017 23:04:07.273 INFO [main] org.apache.catalina.startup.VersionLoggerListener.log Server number:         8.5.11.0
05-May-2017 23:04:07.274 INFO [main] org.apache.catalina.startup.VersionLoggerListener.log OS Name:               Linux
05-May-2017 23:04:07.274 INFO [main] org.apache.catalina.startup.VersionLoggerListener.log OS Version:            3.10.0-514.16.1.el7.x86_64
05-May-2017 23:04:07.274 INFO [main] org.apache.catalina.startup.VersionLoggerListener.log Architecture:          amd64
05-May-2017 23:04:07.274 INFO [main] org.apache.catalina.startup.VersionLoggerListener.log Java Home:             /usr/lib/jvm/java-1.8.0-openjdk-1.8.0.131-2.b11.el7_3.x86_64/jre
05-May-2017 23:04:07.274 INFO [main] org.apache.catalina.startup.VersionLoggerListener.log JVM Version:           1.8.0_131-b11
05-May-2017 23:04:07.274 INFO [main] org.apache.catalina.startup.VersionLoggerListener.log JVM Vendor:            Oracle Corporation
05-May-2017 23:04:07.274 INFO [main] org.apache.catalina.startup.VersionLoggerListener.log CATALINA_BASE:         /root/tomcat/tomcat-8.5.11
05-May-2017 23:04:07.274 INFO [main] org.apache.catalina.startup.VersionLoggerListener.log CATALINA_HOME:         /root/tomcat/tomcat-8.5.11
05-May-2017 23:04:07.275 INFO [main] org.apache.catalina.startup.VersionLoggerListener.log Command line argument: -Djava.util.logging.config.file=/root/tomcat/tomcat-8.5.11/conf/logging.properties
05-May-2017 23:04:07.275 INFO [main] org.apache.catalina.startup.VersionLoggerListener.log Command line argument: -Djava.util.logging.manager=org.apache.juli.ClassLoaderLogManager
05-May-2017 23:04:07.275 INFO [main] org.apache.catalina.startup.VersionLoggerListener.log Command line argument: -Djdk.tls.ephemeralDHKeySize=2048
05-May-2017 23:04:07.275 INFO [main] org.apache.catalina.startup.VersionLoggerListener.log Command line argument: -Djava.protocol.handler.pkgs=org.apache.catalina.webresources
05-May-2017 23:04:07.275 INFO [main] org.apache.catalina.startup.VersionLoggerListener.log Command line argument: -Dcatalina.base=/root/tomcat/tomcat-8.5.11
05-May-2017 23:04:07.275 INFO [main] org.apache.catalina.startup.VersionLoggerListener.log Command line argument: -Dcatalina.home=/root/tomcat/tomcat-8.5.11
05-May-2017 23:04:07.275 INFO [main] org.apache.catalina.startup.VersionLoggerListener.log Command line argument: -Djava.io.tmpdir=/root/tomcat/tomcat-8.5.11/temp
05-May-2017 23:04:07.275 INFO [main] org.apache.catalina.core.AprLifecycleListener.lifecycleEvent The APR based Apache Tomcat Native library which allows optimal performance in production environments was not found on the java.library.path: /usr/java/packages/lib/amd64:/usr/lib64:/lib64:/lib:/usr/lib
05-May-2017 23:04:07.480 INFO [main] org.apache.coyote.AbstractProtocol.init Initializing ProtocolHandler ["http-nio-8080"]
05-May-2017 23:04:07.511 INFO [main] org.apache.tomcat.util.net.NioSelectorPool.getSharedSelector Using a shared selector for servlet write/read
05-May-2017 23:04:07.525 INFO [main] org.apache.coyote.AbstractProtocol.init Initializing ProtocolHandler ["ajp-nio-8009"]
05-May-2017 23:04:07.526 INFO [main] org.apache.tomcat.util.net.NioSelectorPool.getSharedSelector Using a shared selector for servlet write/read
05-May-2017 23:04:07.542 INFO [main] org.apache.catalina.startup.Catalina.load Initialization processed in 1296 ms
05-May-2017 23:04:07.596 INFO [main] org.apache.catalina.core.StandardService.startInternal Starting service Catalina
05-May-2017 23:04:07.596 INFO [main] org.apache.catalina.core.StandardEngine.startInternal Starting Servlet Engine: Apache Tomcat/8.5.11
05-May-2017 23:04:07.641 INFO [localhost-startStop-1] org.apache.catalina.startup.HostConfig.deployDirectory Deploying web application directory /root/tomcat/tomcat-8.5.11/webapps/examples
05-May-2017 23:04:08.797 INFO [localhost-startStop-1] org.apache.catalina.startup.HostConfig.deployDirectory Deployment of web application directory /root/tomcat/tomcat-8.5.11/webapps/examples has finished in 1,155 ms
05-May-2017 23:04:08.797 INFO [localhost-startStop-1] org.apache.catalina.startup.HostConfig.deployDirectory Deploying web application directory /root/tomcat/tomcat-8.5.11/webapps/docs
05-May-2017 23:04:08.824 INFO [localhost-startStop-1] org.apache.catalina.startup.HostConfig.deployDirectory Deployment of web application directory /root/tomcat/tomcat-8.5.11/webapps/docs has finished in 27 ms
05-May-2017 23:04:08.824 INFO [localhost-startStop-1] org.apache.catalina.startup.HostConfig.deployDirectory Deploying web application directory /root/tomcat/tomcat-8.5.11/webapps/engreview
05-May-2017 23:04:10.060 INFO [localhost-startStop-1] org.apache.jasper.servlet.TldScanner.scanJars At least one JAR was scanned for TLDs yet contained no TLDs. Enable debug logging for this logger for a complete list of JARs that were scanned but no TLDs were found in them. Skipping unneeded JARs during scanning can improve startup time and JSP compilation time.
05-May-2017 23:04:10.286 INFO [localhost-startStop-1] org.apache.catalina.startup.HostConfig.deployDirectory Deployment of web application directory /root/tomcat/tomcat-8.5.11/webapps/engreview has finished in 1,462 ms
05-May-2017 23:04:10.287 INFO [localhost-startStop-1] org.apache.catalina.startup.HostConfig.deployDirectory Deploying web application directory /root/tomcat/tomcat-8.5.11/webapps/manager
05-May-2017 23:04:10.357 INFO [localhost-startStop-1] org.apache.catalina.startup.HostConfig.deployDirectory Deployment of web application directory /root/tomcat/tomcat-8.5.11/webapps/manager has finished in 70 ms
05-May-2017 23:04:10.357 INFO [localhost-startStop-1] org.apache.catalina.startup.HostConfig.deployDirectory Deploying web application directory /root/tomcat/tomcat-8.5.11/webapps/ROOT
05-May-2017 23:04:10.386 INFO [localhost-startStop-1] org.apache.catalina.startup.HostConfig.deployDirectory Deployment of web application directory /root/tomcat/tomcat-8.5.11/webapps/ROOT has finished in 28 ms
05-May-2017 23:04:10.404 INFO [localhost-startStop-1] org.apache.catalina.startup.HostConfig.deployDirectory Deploying web application directory /root/tomcat/tomcat-8.5.11/webapps/host-manager
05-May-2017 23:04:10.432 INFO [localhost-startStop-1] org.apache.catalina.startup.HostConfig.deployDirectory Deployment of web application directory /root/tomcat/tomcat-8.5.11/webapps/host-manager has finished in 28 ms
05-May-2017 23:04:10.456 INFO [main] org.apache.coyote.AbstractProtocol.start Starting ProtocolHandler [http-nio-8080]
05-May-2017 23:04:10.464 INFO [main] org.apache.coyote.AbstractProtocol.start Starting ProtocolHandler [ajp-nio-8009]
05-May-2017 23:04:10.465 INFO [main] org.apache.catalina.startup.Catalina.start Server startup in 2922 ms
05-May-2017 23:04:12.853 INFO [http-nio-8080-exec-2] org.hibernate.Version.logVersion HHH000412: Hibernate Core {5.0.1.Final}
05-May-2017 23:04:12.873 INFO [http-nio-8080-exec-2] org.hibernate.cfg.Environment.<clinit> HHH000206: hibernate.properties not found
05-May-2017 23:04:12.874 INFO [http-nio-8080-exec-2] org.hibernate.cfg.Environment.buildBytecodeProvider HHH000021: Bytecode provider name : javassist
05-May-2017 23:04:13.360 INFO [http-nio-8080-exec-2] org.hibernate.annotations.common.reflection.java.JavaReflectionManager.<clinit> HCANN000001: Hibernate Commons Annotations {5.0.0.Final}
05-May-2017 23:08:52.455 INFO [main] org.apache.catalina.core.StandardServer.await A valid shutdown command was received via the shutdown port. Stopping the Server instance.
05-May-2017 23:08:52.457 INFO [main] org.apache.coyote.AbstractProtocol.pause Pausing ProtocolHandler ["http-nio-8080"]
05-May-2017 23:08:52.512 INFO [main] org.apache.coyote.AbstractProtocol.pause Pausing ProtocolHandler ["ajp-nio-8009"]
05-May-2017 23:08:52.564 INFO [main] org.apache.catalina.core.StandardService.stopInternal Stopping service Catalina
05-May-2017 23:08:52.652 INFO [main] org.apache.coyote.AbstractProtocol.stop Stopping ProtocolHandler ["http-nio-8080"]
05-May-2017 23:08:52.654 INFO [main] org.apache.coyote.AbstractProtocol.stop Stopping ProtocolHandler ["ajp-nio-8009"]
05-May-2017 23:08:52.655 INFO [main] org.apache.coyote.AbstractProtocol.destroy Destroying ProtocolHandler ["http-nio-8080"]
05-May-2017 23:08:52.656 INFO [main] org.apache.coyote.AbstractProtocol.destroy Destroying ProtocolHandler ["ajp-nio-8009"]
05-May-2017 23:09:00.085 INFO [main] org.apache.catalina.startup.VersionLoggerListener.log Server version:        Apache Tomcat/8.5.11
05-May-2017 23:09:00.102 INFO [main] org.apache.catalina.startup.VersionLoggerListener.log Server built:          Jan 10 2017 21:02:52 UTC
05-May-2017 23:09:00.102 INFO [main] org.apache.catalina.startup.VersionLoggerListener.log Server number:         8.5.11.0
05-May-2017 23:09:00.103 INFO [main] org.apache.catalina.startup.VersionLoggerListener.log OS Name:               Linux
05-May-2017 23:09:00.103 INFO [main] org.apache.catalina.startup.VersionLoggerListener.log OS Version:            3.10.0-514.16.1.el7.x86_64
05-May-2017 23:09:00.103 INFO [main] org.apache.catalina.startup.VersionLoggerListener.log Architecture:          amd64
05-May-2017 23:09:00.103 INFO [main] org.apache.catalina.startup.VersionLoggerListener.log Java Home:             /usr/lib/jvm/java-1.8.0-openjdk-1.8.0.131-2.b11.el7_3.x86_64/jre
05-May-2017 23:09:00.103 INFO [main] org.apache.catalina.startup.VersionLoggerListener.log JVM Version:           1.8.0_131-b11
05-May-2017 23:09:00.103 INFO [main] org.apache.catalina.startup.VersionLoggerListener.log JVM Vendor:            Oracle Corporation
05-May-2017 23:09:00.103 INFO [main] org.apache.catalina.startup.VersionLoggerListener.log CATALINA_BASE:         /root/tomcat/tomcat-8.5.11
05-May-2017 23:09:00.103 INFO [main] org.apache.catalina.startup.VersionLoggerListener.log CATALINA_HOME:         /root/tomcat/tomcat-8.5.11
05-May-2017 23:09:00.104 INFO [main] org.apache.catalina.startup.VersionLoggerListener.log Command line argument: -Djava.util.logging.config.file=/root/tomcat/tomcat-8.5.11/conf/logging.properties
05-May-2017 23:09:00.104 INFO [main] org.apache.catalina.startup.VersionLoggerListener.log Command line argument: -Djava.util.logging.manager=org.apache.juli.ClassLoaderLogManager
05-May-2017 23:09:00.104 INFO [main] org.apache.catalina.startup.VersionLoggerListener.log Command line argument: -Djdk.tls.ephemeralDHKeySize=2048
05-May-2017 23:09:00.104 INFO [main] org.apache.catalina.startup.VersionLoggerListener.log Command line argument: -Djava.protocol.handler.pkgs=org.apache.catalina.webresources
05-May-2017 23:09:00.104 INFO [main] org.apache.catalina.startup.VersionLoggerListener.log Command line argument: -Dcatalina.base=/root/tomcat/tomcat-8.5.11
05-May-2017 23:09:00.104 INFO [main] org.apache.catalina.startup.VersionLoggerListener.log Command line argument: -Dcatalina.home=/root/tomcat/tomcat-8.5.11
05-May-2017 23:09:00.104 INFO [main] org.apache.catalina.startup.VersionLoggerListener.log Command line argument: -Djava.io.tmpdir=/root/tomcat/tomcat-8.5.11/temp
05-May-2017 23:09:00.104 INFO [main] org.apache.catalina.core.AprLifecycleListener.lifecycleEvent The APR based Apache Tomcat Native library which allows optimal performance in production environments was not found on the java.library.path: /usr/java/packages/lib/amd64:/usr/lib64:/lib64:/lib:/usr/lib
05-May-2017 23:09:00.315 INFO [main] org.apache.coyote.AbstractProtocol.init Initializing ProtocolHandler ["http-nio-8080"]
05-May-2017 23:09:00.345 INFO [main] org.apache.tomcat.util.net.NioSelectorPool.getSharedSelector Using a shared selector for servlet write/read
05-May-2017 23:09:00.353 INFO [main] org.apache.coyote.AbstractProtocol.init Initializing ProtocolHandler ["ajp-nio-8009"]
05-May-2017 23:09:00.354 INFO [main] org.apache.tomcat.util.net.NioSelectorPool.getSharedSelector Using a shared selector for servlet write/read
05-May-2017 23:09:00.377 INFO [main] org.apache.catalina.startup.Catalina.load Initialization processed in 1078 ms
05-May-2017 23:09:00.419 INFO [main] org.apache.catalina.core.StandardService.startInternal Starting service Catalina
05-May-2017 23:09:00.420 INFO [main] org.apache.catalina.core.StandardEngine.startInternal Starting Servlet Engine: Apache Tomcat/8.5.11
05-May-2017 23:09:00.481 INFO [localhost-startStop-1] org.apache.catalina.startup.HostConfig.deployDirectory Deploying web application directory /root/tomcat/tomcat-8.5.11/webapps/examples
05-May-2017 23:09:01.780 INFO [localhost-startStop-1] org.apache.catalina.startup.HostConfig.deployDirectory Deployment of web application directory /root/tomcat/tomcat-8.5.11/webapps/examples has finished in 1,298 ms
05-May-2017 23:09:01.780 INFO [localhost-startStop-1] org.apache.catalina.startup.HostConfig.deployDirectory Deploying web application directory /root/tomcat/tomcat-8.5.11/webapps/docs
05-May-2017 23:09:01.809 INFO [localhost-startStop-1] org.apache.catalina.startup.HostConfig.deployDirectory Deployment of web application directory /root/tomcat/tomcat-8.5.11/webapps/docs has finished in 29 ms
05-May-2017 23:09:01.810 INFO [localhost-startStop-1] org.apache.catalina.startup.HostConfig.deployDirectory Deploying web application directory /root/tomcat/tomcat-8.5.11/webapps/engreview
05-May-2017 23:09:02.987 INFO [localhost-startStop-1] org.apache.jasper.servlet.TldScanner.scanJars At least one JAR was scanned for TLDs yet contained no TLDs. Enable debug logging for this logger for a complete list of JARs that were scanned but no TLDs were found in them. Skipping unneeded JARs during scanning can improve startup time and JSP compilation time.
05-May-2017 23:09:03.193 INFO [localhost-startStop-1] org.apache.catalina.startup.HostConfig.deployDirectory Deployment of web application directory /root/tomcat/tomcat-8.5.11/webapps/engreview has finished in 1,384 ms
05-May-2017 23:09:03.194 INFO [localhost-startStop-1] org.apache.catalina.startup.HostConfig.deployDirectory Deploying web application directory /root/tomcat/tomcat-8.5.11/webapps/manager
05-May-2017 23:09:03.262 INFO [localhost-startStop-1] org.apache.catalina.startup.HostConfig.deployDirectory Deployment of web application directory /root/tomcat/tomcat-8.5.11/webapps/manager has finished in 68 ms
05-May-2017 23:09:03.262 INFO [localhost-startStop-1] org.apache.catalina.startup.HostConfig.deployDirectory Deploying web application directory /root/tomcat/tomcat-8.5.11/webapps/ROOT
05-May-2017 23:09:03.288 INFO [localhost-startStop-1] org.apache.catalina.startup.HostConfig.deployDirectory Deployment of web application directory /root/tomcat/tomcat-8.5.11/webapps/ROOT has finished in 26 ms
05-May-2017 23:09:03.288 INFO [localhost-startStop-1] org.apache.catalina.startup.HostConfig.deployDirectory Deploying web application directory /root/tomcat/tomcat-8.5.11/webapps/host-manager
05-May-2017 23:09:03.310 INFO [localhost-startStop-1] org.apache.catalina.startup.HostConfig.deployDirectory Deployment of web application directory /root/tomcat/tomcat-8.5.11/webapps/host-manager has finished in 22 ms
05-May-2017 23:09:03.332 INFO [main] org.apache.coyote.AbstractProtocol.start Starting ProtocolHandler [http-nio-8080]
05-May-2017 23:09:03.353 INFO [main] org.apache.coyote.AbstractProtocol.start Starting ProtocolHandler [ajp-nio-8009]
05-May-2017 23:09:03.354 INFO [main] org.apache.catalina.startup.Catalina.start Server startup in 2976 ms
05-May-2017 23:09:07.632 INFO [http-nio-8080-exec-3] org.hibernate.Version.logVersion HHH000412: Hibernate Core {5.0.1.Final}
05-May-2017 23:09:07.633 INFO [http-nio-8080-exec-3] org.hibernate.cfg.Environment.<clinit> HHH000206: hibernate.properties not found
05-May-2017 23:09:07.656 INFO [http-nio-8080-exec-3] org.hibernate.cfg.Environment.buildBytecodeProvider HHH000021: Bytecode provider name : javassist
05-May-2017 23:09:08.322 INFO [http-nio-8080-exec-3] org.hibernate.annotations.common.reflection.java.JavaReflectionManager.<clinit> HCANN000001: Hibernate Commons Annotations {5.0.0.Final}
05-May-2017 23:09:08.494 INFO [http-nio-8080-exec-3] org.hibernate.engine.jdbc.connections.internal.ConnectionProviderInitiator.instantiateExplicitConnectionProvider HHH000130: Instantiating explicit connection provider: org.hibernate.connection.C3P0ConnectionProvider
05-May-2017 23:09:09.681 INFO [http-nio-8080-exec-4] org.hibernate.engine.jdbc.connections.internal.ConnectionProviderInitiator.instantiateExplicitConnectionProvider HHH000130: Instantiating explicit connection provider: org.hibernate.connection.C3P0ConnectionProvider
05-May-2017 23:09:12.466 INFO [http-nio-8080-exec-5] org.hibernate.engine.jdbc.connections.internal.ConnectionProviderInitiator.instantiateExplicitConnectionProvider HHH000130: Instantiating explicit connection provider: org.hibernate.connection.C3P0ConnectionProvider
05-May-2017 23:09:15.706 INFO [http-nio-8080-exec-6] org.hibernate.engine.jdbc.connections.internal.ConnectionProviderInitiator.instantiateExplicitConnectionProvider HHH000130: Instantiating explicit connection provider: org.hibernate.connection.C3P0ConnectionProvider
05-May-2017 23:09:17.542 INFO [http-nio-8080-exec-7] org.hibernate.engine.jdbc.connections.internal.ConnectionProviderInitiator.instantiateExplicitConnectionProvider HHH000130: Instantiating explicit connection provider: org.hibernate.connection.C3P0ConnectionProvider
05-May-2017 23:13:31.991 INFO [main] org.apache.catalina.core.StandardServer.await A valid shutdown command was received via the shutdown port. Stopping the Server instance.
05-May-2017 23:13:31.992 INFO [main] org.apache.coyote.AbstractProtocol.pause Pausing ProtocolHandler ["http-nio-8080"]
05-May-2017 23:13:32.048 INFO [main] org.apache.coyote.AbstractProtocol.pause Pausing ProtocolHandler ["ajp-nio-8009"]
05-May-2017 23:13:32.099 INFO [main] org.apache.catalina.core.StandardService.stopInternal Stopping service Catalina
05-May-2017 23:13:32.177 INFO [main] org.apache.coyote.AbstractProtocol.stop Stopping ProtocolHandler ["http-nio-8080"]
05-May-2017 23:13:32.180 INFO [main] org.apache.coyote.AbstractProtocol.stop Stopping ProtocolHandler ["ajp-nio-8009"]
05-May-2017 23:13:32.181 INFO [main] org.apache.coyote.AbstractProtocol.destroy Destroying ProtocolHandler ["http-nio-8080"]
05-May-2017 23:13:32.182 INFO [main] org.apache.coyote.AbstractProtocol.destroy Destroying ProtocolHandler ["ajp-nio-8009"]
05-May-2017 23:13:58.954 INFO [main] org.apache.catalina.startup.VersionLoggerListener.log Server version:        Apache Tomcat/8.5.11
05-May-2017 23:13:58.957 INFO [main] org.apache.catalina.startup.VersionLoggerListener.log Server built:          Jan 10 2017 21:02:52 UTC
05-May-2017 23:13:58.958 INFO [main] org.apache.catalina.startup.VersionLoggerListener.log Server number:         8.5.11.0
05-May-2017 23:13:58.958 INFO [main] org.apache.catalina.startup.VersionLoggerListener.log OS Name:               Linux
05-May-2017 23:13:58.958 INFO [main] org.apache.catalina.startup.VersionLoggerListener.log OS Version:            3.10.0-514.16.1.el7.x86_64
05-May-2017 23:13:58.958 INFO [main] org.apache.catalina.startup.VersionLoggerListener.log Architecture:          amd64
05-May-2017 23:13:58.958 INFO [main] org.apache.catalina.startup.VersionLoggerListener.log Java Home:             /usr/lib/jvm/java-1.8.0-openjdk-1.8.0.131-2.b11.el7_3.x86_64/jre
05-May-2017 23:13:58.958 INFO [main] org.apache.catalina.startup.VersionLoggerListener.log JVM Version:           1.8.0_131-b11
05-May-2017 23:13:58.959 INFO [main] org.apache.catalina.startup.VersionLoggerListener.log JVM Vendor:            Oracle Corporation
05-May-2017 23:13:58.959 INFO [main] org.apache.catalina.startup.VersionLoggerListener.log CATALINA_BASE:         /root/tomcat/tomcat-8.5.11
05-May-2017 23:13:58.959 INFO [main] org.apache.catalina.startup.VersionLoggerListener.log CATALINA_HOME:         /root/tomcat/tomcat-8.5.11
05-May-2017 23:13:58.959 INFO [main] org.apache.catalina.startup.VersionLoggerListener.log Command line argument: -Djava.util.logging.config.file=/root/tomcat/tomcat-8.5.11/conf/logging.properties
05-May-2017 23:13:58.959 INFO [main] org.apache.catalina.startup.VersionLoggerListener.log Command line argument: -Djava.util.logging.manager=org.apache.juli.ClassLoaderLogManager
05-May-2017 23:13:58.960 INFO [main] org.apache.catalina.startup.VersionLoggerListener.log Command line argument: -Djdk.tls.ephemeralDHKeySize=2048
05-May-2017 23:13:58.960 INFO [main] org.apache.catalina.startup.VersionLoggerListener.log Command line argument: -Djava.protocol.handler.pkgs=org.apache.catalina.webresources
05-May-2017 23:13:58.960 INFO [main] org.apache.catalina.startup.VersionLoggerListener.log Command line argument: -Dcatalina.base=/root/tomcat/tomcat-8.5.11
05-May-2017 23:13:58.960 INFO [main] org.apache.catalina.startup.VersionLoggerListener.log Command line argument: -Dcatalina.home=/root/tomcat/tomcat-8.5.11
05-May-2017 23:13:58.960 INFO [main] org.apache.catalina.startup.VersionLoggerListener.log Command line argument: -Djava.io.tmpdir=/root/tomcat/tomcat-8.5.11/temp
05-May-2017 23:13:58.960 INFO [main] org.apache.catalina.core.AprLifecycleListener.lifecycleEvent The APR based Apache Tomcat Native library which allows optimal performance in production environments was not found on the java.library.path: /usr/java/packages/lib/amd64:/usr/lib64:/lib64:/lib:/usr/lib
05-May-2017 23:13:59.255 INFO [main] org.apache.coyote.AbstractProtocol.init Initializing ProtocolHandler ["http-nio-8080"]
05-May-2017 23:13:59.304 INFO [main] org.apache.tomcat.util.net.NioSelectorPool.getSharedSelector Using a shared selector for servlet write/read
05-May-2017 23:13:59.319 INFO [main] org.apache.coyote.AbstractProtocol.init Initializing ProtocolHandler ["ajp-nio-8009"]
05-May-2017 23:13:59.321 INFO [main] org.apache.tomcat.util.net.NioSelectorPool.getSharedSelector Using a shared selector for servlet write/read
05-May-2017 23:13:59.334 INFO [main] org.apache.catalina.startup.Catalina.load Initialization processed in 1215 ms
05-May-2017 23:13:59.380 INFO [main] org.apache.catalina.core.StandardService.startInternal Starting service Catalina
05-May-2017 23:13:59.380 INFO [main] org.apache.catalina.core.StandardEngine.startInternal Starting Servlet Engine: Apache Tomcat/8.5.11
05-May-2017 23:13:59.436 INFO [localhost-startStop-1] org.apache.catalina.startup.HostConfig.deployDirectory Deploying web application directory /root/tomcat/tomcat-8.5.11/webapps/examples
05-May-2017 23:14:00.697 INFO [localhost-startStop-1] org.apache.catalina.startup.HostConfig.deployDirectory Deployment of web application directory /root/tomcat/tomcat-8.5.11/webapps/examples has finished in 1,260 ms
05-May-2017 23:14:00.697 INFO [localhost-startStop-1] org.apache.catalina.startup.HostConfig.deployDirectory Deploying web application directory /root/tomcat/tomcat-8.5.11/webapps/docs
05-May-2017 23:14:00.746 INFO [localhost-startStop-1] org.apache.catalina.startup.HostConfig.deployDirectory Deployment of web application directory /root/tomcat/tomcat-8.5.11/webapps/docs has finished in 49 ms
05-May-2017 23:14:00.746 INFO [localhost-startStop-1] org.apache.catalina.startup.HostConfig.deployDirectory Deploying web application directory /root/tomcat/tomcat-8.5.11/webapps/engreview
05-May-2017 23:14:02.039 INFO [localhost-startStop-1] org.apache.jasper.servlet.TldScanner.scanJars At least one JAR was scanned for TLDs yet contained no TLDs. Enable debug logging for this logger for a complete list of JARs that were scanned but no TLDs were found in them. Skipping unneeded JARs during scanning can improve startup time and JSP compilation time.
05-May-2017 23:14:02.236 INFO [localhost-startStop-1] org.apache.catalina.startup.HostConfig.deployDirectory Deployment of web application directory /root/tomcat/tomcat-8.5.11/webapps/engreview has finished in 1,490 ms
05-May-2017 23:14:02.236 INFO [localhost-startStop-1] org.apache.catalina.startup.HostConfig.deployDirectory Deploying web application directory /root/tomcat/tomcat-8.5.11/webapps/manager
05-May-2017 23:14:02.287 INFO [localhost-startStop-1] org.apache.catalina.startup.HostConfig.deployDirectory Deployment of web application directory /root/tomcat/tomcat-8.5.11/webapps/manager has finished in 51 ms
05-May-2017 23:14:02.288 INFO [localhost-startStop-1] org.apache.catalina.startup.HostConfig.deployDirectory Deploying web application directory /root/tomcat/tomcat-8.5.11/webapps/ROOT
05-May-2017 23:14:02.329 INFO [localhost-startStop-1] org.apache.catalina.startup.HostConfig.deployDirectory Deployment of web application directory /root/tomcat/tomcat-8.5.11/webapps/ROOT has finished in 40 ms
05-May-2017 23:14:02.329 INFO [localhost-startStop-1] org.apache.catalina.startup.HostConfig.deployDirectory Deploying web application directory /root/tomcat/tomcat-8.5.11/webapps/host-manager
05-May-2017 23:14:02.357 INFO [localhost-startStop-1] org.apache.catalina.startup.HostConfig.deployDirectory Deployment of web application directory /root/tomcat/tomcat-8.5.11/webapps/host-manager has finished in 27 ms
05-May-2017 23:14:02.381 INFO [main] org.apache.coyote.AbstractProtocol.start Starting ProtocolHandler [http-nio-8080]
05-May-2017 23:14:02.388 INFO [main] org.apache.coyote.AbstractProtocol.start Starting ProtocolHandler [ajp-nio-8009]
05-May-2017 23:14:02.388 INFO [main] org.apache.catalina.startup.Catalina.start Server startup in 3054 ms
05-May-2017 23:14:04.638 INFO [http-nio-8080-exec-1] org.hibernate.Version.logVersion HHH000412: Hibernate Core {5.0.1.Final}
05-May-2017 23:14:04.640 INFO [http-nio-8080-exec-1] org.hibernate.cfg.Environment.<clinit> HHH000206: hibernate.properties not found
05-May-2017 23:14:04.642 INFO [http-nio-8080-exec-1] org.hibernate.cfg.Environment.buildBytecodeProvider HHH000021: Bytecode provider name : javassist
05-May-2017 23:14:05.131 INFO [http-nio-8080-exec-1] org.hibernate.annotations.common.reflection.java.JavaReflectionManager.<clinit> HCANN000001: Hibernate Commons Annotations {5.0.0.Final}
05-May-2017 23:14:05.301 INFO [http-nio-8080-exec-1] org.hibernate.engine.jdbc.connections.internal.ConnectionProviderInitiator.instantiateExplicitConnectionProvider HHH000130: Instantiating explicit connection provider: org.hibernate.connection.C3P0ConnectionProvider
05-May-2017 23:17:14.061 INFO [main] org.apache.catalina.core.StandardServer.await A valid shutdown command was received via the shutdown port. Stopping the Server instance.
05-May-2017 23:17:14.063 INFO [main] org.apache.coyote.AbstractProtocol.pause Pausing ProtocolHandler ["http-nio-8080"]
05-May-2017 23:17:14.119 INFO [main] org.apache.coyote.AbstractProtocol.pause Pausing ProtocolHandler ["ajp-nio-8009"]
05-May-2017 23:17:14.170 INFO [main] org.apache.catalina.core.StandardService.stopInternal Stopping service Catalina
05-May-2017 23:17:14.258 INFO [main] org.apache.coyote.AbstractProtocol.stop Stopping ProtocolHandler ["http-nio-8080"]
05-May-2017 23:17:14.260 INFO [main] org.apache.coyote.AbstractProtocol.stop Stopping ProtocolHandler ["ajp-nio-8009"]
05-May-2017 23:17:14.260 INFO [main] org.apache.coyote.AbstractProtocol.destroy Destroying ProtocolHandler ["http-nio-8080"]
05-May-2017 23:17:14.261 INFO [main] org.apache.coyote.AbstractProtocol.destroy Destroying ProtocolHandler ["ajp-nio-8009"]
05-May-2017 23:18:14.071 INFO [main] org.apache.catalina.startup.VersionLoggerListener.log Server version:        Apache Tomcat/8.5.11
05-May-2017 23:18:14.087 INFO [main] org.apache.catalina.startup.VersionLoggerListener.log Server built:          Jan 10 2017 21:02:52 UTC
05-May-2017 23:18:14.087 INFO [main] org.apache.catalina.startup.VersionLoggerListener.log Server number:         8.5.11.0
05-May-2017 23:18:14.087 INFO [main] org.apache.catalina.startup.VersionLoggerListener.log OS Name:               Linux
05-May-2017 23:18:14.087 INFO [main] org.apache.catalina.startup.VersionLoggerListener.log OS Version:            3.10.0-514.16.1.el7.x86_64
05-May-2017 23:18:14.088 INFO [main] org.apache.catalina.startup.VersionLoggerListener.log Architecture:          amd64
05-May-2017 23:18:14.088 INFO [main] org.apache.catalina.startup.VersionLoggerListener.log Java Home:             /usr/lib/jvm/java-1.8.0-openjdk-1.8.0.131-2.b11.el7_3.x86_64/jre
05-May-2017 23:18:14.088 INFO [main] org.apache.catalina.startup.VersionLoggerListener.log JVM Version:           1.8.0_131-b11
05-May-2017 23:18:14.088 INFO [main] org.apache.catalina.startup.VersionLoggerListener.log JVM Vendor:            Oracle Corporation
05-May-2017 23:18:14.088 INFO [main] org.apache.catalina.startup.VersionLoggerListener.log CATALINA_BASE:         /root/tomcat/tomcat-8.5.11
05-May-2017 23:18:14.088 INFO [main] org.apache.catalina.startup.VersionLoggerListener.log CATALINA_HOME:         /root/tomcat/tomcat-8.5.11
05-May-2017 23:18:14.089 INFO [main] org.apache.catalina.startup.VersionLoggerListener.log Command line argument: -Djava.util.logging.config.file=/root/tomcat/tomcat-8.5.11/conf/logging.properties
05-May-2017 23:18:14.089 INFO [main] org.apache.catalina.startup.VersionLoggerListener.log Command line argument: -Djava.util.logging.manager=org.apache.juli.ClassLoaderLogManager
05-May-2017 23:18:14.089 INFO [main] org.apache.catalina.startup.VersionLoggerListener.log Command line argument: -Djdk.tls.ephemeralDHKeySize=2048
05-May-2017 23:18:14.089 INFO [main] org.apache.catalina.startup.VersionLoggerListener.log Command line argument: -Djava.protocol.handler.pkgs=org.apache.catalina.webresources
05-May-2017 23:18:14.089 INFO [main] org.apache.catalina.startup.VersionLoggerListener.log Command line argument: -Dcatalina.base=/root/tomcat/tomcat-8.5.11
05-May-2017 23:18:14.089 INFO [main] org.apache.catalina.startup.VersionLoggerListener.log Command line argument: -Dcatalina.home=/root/tomcat/tomcat-8.5.11
05-May-2017 23:18:14.089 INFO [main] org.apache.catalina.startup.VersionLoggerListener.log Command line argument: -Djava.io.tmpdir=/root/tomcat/tomcat-8.5.11/temp
05-May-2017 23:18:14.090 INFO [main] org.apache.catalina.core.AprLifecycleListener.lifecycleEvent The APR based Apache Tomcat Native library which allows optimal performance in production environments was not found on the java.library.path: /usr/java/packages/lib/amd64:/usr/lib64:/lib64:/lib:/usr/lib
05-May-2017 23:18:14.284 INFO [main] org.apache.coyote.AbstractProtocol.init Initializing ProtocolHandler ["http-nio-8080"]
05-May-2017 23:18:14.326 INFO [main] org.apache.tomcat.util.net.NioSelectorPool.getSharedSelector Using a shared selector for servlet write/read
05-May-2017 23:18:14.339 INFO [main] org.apache.coyote.AbstractProtocol.init Initializing ProtocolHandler ["ajp-nio-8009"]
05-May-2017 23:18:14.341 INFO [main] org.apache.tomcat.util.net.NioSelectorPool.getSharedSelector Using a shared selector for servlet write/read
05-May-2017 23:18:14.353 INFO [main] org.apache.catalina.startup.Catalina.load Initialization processed in 1154 ms
05-May-2017 23:18:14.405 INFO [main] org.apache.catalina.core.StandardService.startInternal Starting service Catalina
05-May-2017 23:18:14.405 INFO [main] org.apache.catalina.core.StandardEngine.startInternal Starting Servlet Engine: Apache Tomcat/8.5.11
05-May-2017 23:18:14.458 INFO [localhost-startStop-1] org.apache.catalina.startup.HostConfig.deployDirectory Deploying web application directory /root/tomcat/tomcat-8.5.11/webapps/examples
05-May-2017 23:18:15.715 INFO [localhost-startStop-1] org.apache.catalina.startup.HostConfig.deployDirectory Deployment of web application directory /root/tomcat/tomcat-8.5.11/webapps/examples has finished in 1,256 ms
05-May-2017 23:18:15.715 INFO [localhost-startStop-1] org.apache.catalina.startup.HostConfig.deployDirectory Deploying web application directory /root/tomcat/tomcat-8.5.11/webapps/docs
05-May-2017 23:18:15.760 INFO [localhost-startStop-1] org.apache.catalina.startup.HostConfig.deployDirectory Deployment of web application directory /root/tomcat/tomcat-8.5.11/webapps/docs has finished in 45 ms
05-May-2017 23:18:15.760 INFO [localhost-startStop-1] org.apache.catalina.startup.HostConfig.deployDirectory Deploying web application directory /root/tomcat/tomcat-8.5.11/webapps/engreview
05-May-2017 23:18:17.078 INFO [localhost-startStop-1] org.apache.jasper.servlet.TldScanner.scanJars At least one JAR was scanned for TLDs yet contained no TLDs. Enable debug logging for this logger for a complete list of JARs that were scanned but no TLDs were found in them. Skipping unneeded JARs during scanning can improve startup time and JSP compilation time.
05-May-2017 23:18:17.232 INFO [localhost-startStop-1] org.apache.catalina.startup.HostConfig.deployDirectory Deployment of web application directory /root/tomcat/tomcat-8.5.11/webapps/engreview has finished in 1,472 ms
05-May-2017 23:18:17.233 INFO [localhost-startStop-1] org.apache.catalina.startup.HostConfig.deployDirectory Deploying web application directory /root/tomcat/tomcat-8.5.11/webapps/manager
05-May-2017 23:18:17.276 INFO [localhost-startStop-1] org.apache.catalina.startup.HostConfig.deployDirectory Deployment of web application directory /root/tomcat/tomcat-8.5.11/webapps/manager has finished in 42 ms
05-May-2017 23:18:17.276 INFO [localhost-startStop-1] org.apache.catalina.startup.HostConfig.deployDirectory Deploying web application directory /root/tomcat/tomcat-8.5.11/webapps/ROOT
05-May-2017 23:18:17.312 INFO [localhost-startStop-1] org.apache.catalina.startup.HostConfig.deployDirectory Deployment of web application directory /root/tomcat/tomcat-8.5.11/webapps/ROOT has finished in 36 ms
05-May-2017 23:18:17.312 INFO [localhost-startStop-1] org.apache.catalina.startup.HostConfig.deployDirectory Deploying web application directory /root/tomcat/tomcat-8.5.11/webapps/host-manager
05-May-2017 23:18:17.340 INFO [localhost-startStop-1] org.apache.catalina.startup.HostConfig.deployDirectory Deployment of web application directory /root/tomcat/tomcat-8.5.11/webapps/host-manager has finished in 28 ms
05-May-2017 23:18:17.353 INFO [main] org.apache.coyote.AbstractProtocol.start Starting ProtocolHandler [http-nio-8080]
05-May-2017 23:18:17.363 INFO [main] org.apache.coyote.AbstractProtocol.start Starting ProtocolHandler [ajp-nio-8009]
05-May-2017 23:18:17.363 INFO [main] org.apache.catalina.startup.Catalina.start Server startup in 3010 ms
05-May-2017 23:18:17.810 INFO [http-nio-8080-exec-1] org.hibernate.Version.logVersion HHH000412: Hibernate Core {5.0.1.Final}
05-May-2017 23:18:17.811 INFO [http-nio-8080-exec-1] org.hibernate.cfg.Environment.<clinit> HHH000206: hibernate.properties not found
05-May-2017 23:18:17.813 INFO [http-nio-8080-exec-1] org.hibernate.cfg.Environment.buildBytecodeProvider HHH000021: Bytecode provider name : javassist
05-May-2017 23:18:18.243 INFO [http-nio-8080-exec-1] org.hibernate.annotations.common.reflection.java.JavaReflectionManager.<clinit> HCANN000001: Hibernate Commons Annotations {5.0.0.Final}
05-May-2017 23:18:18.410 INFO [http-nio-8080-exec-1] org.hibernate.engine.jdbc.connections.internal.ConnectionProviderInitiator.instantiateExplicitConnectionProvider HHH000130: Instantiating explicit connection provider: org.hibernate.connection.C3P0ConnectionProvider
05-May-2017 23:20:54.132 INFO [main] org.apache.catalina.core.StandardServer.await A valid shutdown command was received via the shutdown port. Stopping the Server instance.
05-May-2017 23:20:54.133 INFO [main] org.apache.coyote.AbstractProtocol.pause Pausing ProtocolHandler ["http-nio-8080"]
05-May-2017 23:20:54.188 INFO [main] org.apache.coyote.AbstractProtocol.pause Pausing ProtocolHandler ["ajp-nio-8009"]
05-May-2017 23:20:54.240 INFO [main] org.apache.catalina.core.StandardService.stopInternal Stopping service Catalina
05-May-2017 23:20:54.321 INFO [main] org.apache.coyote.AbstractProtocol.stop Stopping ProtocolHandler ["http-nio-8080"]
05-May-2017 23:20:54.322 INFO [main] org.apache.coyote.AbstractProtocol.stop Stopping ProtocolHandler ["ajp-nio-8009"]
05-May-2017 23:20:54.323 INFO [main] org.apache.coyote.AbstractProtocol.destroy Destroying ProtocolHandler ["http-nio-8080"]
05-May-2017 23:20:54.324 INFO [main] org.apache.coyote.AbstractProtocol.destroy Destroying ProtocolHandler ["ajp-nio-8009"]
05-May-2017 23:21:06.776 INFO [main] org.apache.catalina.startup.VersionLoggerListener.log Server version:        Apache Tomcat/8.5.11
05-May-2017 23:21:06.779 INFO [main] org.apache.catalina.startup.VersionLoggerListener.log Server built:          Jan 10 2017 21:02:52 UTC
05-May-2017 23:21:06.779 INFO [main] org.apache.catalina.startup.VersionLoggerListener.log Server number:         8.5.11.0
05-May-2017 23:21:06.779 INFO [main] org.apache.catalina.startup.VersionLoggerListener.log OS Name:               Linux
05-May-2017 23:21:06.779 INFO [main] org.apache.catalina.startup.VersionLoggerListener.log OS Version:            3.10.0-514.16.1.el7.x86_64
05-May-2017 23:21:06.779 INFO [main] org.apache.catalina.startup.VersionLoggerListener.log Architecture:          amd64
05-May-2017 23:21:06.779 INFO [main] org.apache.catalina.startup.VersionLoggerListener.log Java Home:             /usr/lib/jvm/java-1.8.0-openjdk-1.8.0.131-2.b11.el7_3.x86_64/jre
05-May-2017 23:21:06.779 INFO [main] org.apache.catalina.startup.VersionLoggerListener.log JVM Version:           1.8.0_131-b11
05-May-2017 23:21:06.779 INFO [main] org.apache.catalina.startup.VersionLoggerListener.log JVM Vendor:            Oracle Corporation
05-May-2017 23:21:06.779 INFO [main] org.apache.catalina.startup.VersionLoggerListener.log CATALINA_BASE:         /root/tomcat/tomcat-8.5.11
05-May-2017 23:21:06.779 INFO [main] org.apache.catalina.startup.VersionLoggerListener.log CATALINA_HOME:         /root/tomcat/tomcat-8.5.11
05-May-2017 23:21:06.780 INFO [main] org.apache.catalina.startup.VersionLoggerListener.log Command line argument: -Djava.util.logging.config.file=/root/tomcat/tomcat-8.5.11/conf/logging.properties
05-May-2017 23:21:06.780 INFO [main] org.apache.catalina.startup.VersionLoggerListener.log Command line argument: -Djava.util.logging.manager=org.apache.juli.ClassLoaderLogManager
05-May-2017 23:21:06.780 INFO [main] org.apache.catalina.startup.VersionLoggerListener.log Command line argument: -Djdk.tls.ephemeralDHKeySize=2048
05-May-2017 23:21:06.784 INFO [main] org.apache.catalina.startup.VersionLoggerListener.log Command line argument: -Djava.protocol.handler.pkgs=org.apache.catalina.webresources
05-May-2017 23:21:06.784 INFO [main] org.apache.catalina.startup.VersionLoggerListener.log Command line argument: -Dcatalina.base=/root/tomcat/tomcat-8.5.11
05-May-2017 23:21:06.784 INFO [main] org.apache.catalina.startup.VersionLoggerListener.log Command line argument: -Dcatalina.home=/root/tomcat/tomcat-8.5.11
05-May-2017 23:21:06.784 INFO [main] org.apache.catalina.startup.VersionLoggerListener.log Command line argument: -Djava.io.tmpdir=/root/tomcat/tomcat-8.5.11/temp
05-May-2017 23:21:06.784 INFO [main] org.apache.catalina.core.AprLifecycleListener.lifecycleEvent The APR based Apache Tomcat Native library which allows optimal performance in production environments was not found on the java.library.path: /usr/java/packages/lib/amd64:/usr/lib64:/lib64:/lib:/usr/lib
05-May-2017 23:21:06.965 INFO [main] org.apache.coyote.AbstractProtocol.init Initializing ProtocolHandler ["http-nio-8080"]
05-May-2017 23:21:06.991 INFO [main] org.apache.tomcat.util.net.NioSelectorPool.getSharedSelector Using a shared selector for servlet write/read
05-May-2017 23:21:07.005 INFO [main] org.apache.coyote.AbstractProtocol.init Initializing ProtocolHandler ["ajp-nio-8009"]
05-May-2017 23:21:07.007 INFO [main] org.apache.tomcat.util.net.NioSelectorPool.getSharedSelector Using a shared selector for servlet write/read
05-May-2017 23:21:07.019 INFO [main] org.apache.catalina.startup.Catalina.load Initialization processed in 1033 ms
05-May-2017 23:21:07.052 INFO [main] org.apache.catalina.core.StandardService.startInternal Starting service Catalina
05-May-2017 23:21:07.052 INFO [main] org.apache.catalina.core.StandardEngine.startInternal Starting Servlet Engine: Apache Tomcat/8.5.11
05-May-2017 23:21:07.119 INFO [localhost-startStop-1] org.apache.catalina.startup.HostConfig.deployDirectory Deploying web application directory /root/tomcat/tomcat-8.5.11/webapps/examples
05-May-2017 23:22:58.466 INFO [localhost-startStop-1] org.apache.catalina.util.SessionIdGeneratorBase.createSecureRandom Creation of SecureRandom instance for session ID generation using [SHA1PRNG] took [110,268] milliseconds.
05-May-2017 23:22:58.532 INFO [localhost-startStop-1] org.apache.catalina.startup.HostConfig.deployDirectory Deployment of web application directory /root/tomcat/tomcat-8.5.11/webapps/examples has finished in 111,412 ms
05-May-2017 23:22:58.532 INFO [localhost-startStop-1] org.apache.catalina.startup.HostConfig.deployDirectory Deploying web application directory /root/tomcat/tomcat-8.5.11/webapps/docs
05-May-2017 23:22:58.589 INFO [localhost-startStop-1] org.apache.catalina.startup.HostConfig.deployDirectory Deployment of web application directory /root/tomcat/tomcat-8.5.11/webapps/docs has finished in 56 ms
05-May-2017 23:22:58.589 INFO [localhost-startStop-1] org.apache.catalina.startup.HostConfig.deployDirectory Deploying web application directory /root/tomcat/tomcat-8.5.11/webapps/engreview
05-May-2017 23:23:00.139 INFO [localhost-startStop-1] org.apache.jasper.servlet.TldScanner.scanJars At least one JAR was scanned for TLDs yet contained no TLDs. Enable debug logging for this logger for a complete list of JARs that were scanned but no TLDs were found in them. Skipping unneeded JARs during scanning can improve startup time and JSP compilation time.
05-May-2017 23:23:00.307 INFO [localhost-startStop-1] org.apache.catalina.startup.HostConfig.deployDirectory Deployment of web application directory /root/tomcat/tomcat-8.5.11/webapps/engreview has finished in 1,718 ms
05-May-2017 23:23:00.307 INFO [localhost-startStop-1] org.apache.catalina.startup.HostConfig.deployDirectory Deploying web application directory /root/tomcat/tomcat-8.5.11/webapps/manager
05-May-2017 23:23:00.358 INFO [localhost-startStop-1] org.apache.catalina.startup.HostConfig.deployDirectory Deployment of web application directory /root/tomcat/tomcat-8.5.11/webapps/manager has finished in 51 ms
05-May-2017 23:23:00.358 INFO [localhost-startStop-1] org.apache.catalina.startup.HostConfig.deployDirectory Deploying web application directory /root/tomcat/tomcat-8.5.11/webapps/ROOT
05-May-2017 23:23:00.376 INFO [localhost-startStop-1] org.apache.catalina.startup.HostConfig.deployDirectory Deployment of web application directory /root/tomcat/tomcat-8.5.11/webapps/ROOT has finished in 18 ms
05-May-2017 23:23:00.376 INFO [localhost-startStop-1] org.apache.catalina.startup.HostConfig.deployDirectory Deploying web application directory /root/tomcat/tomcat-8.5.11/webapps/host-manager
05-May-2017 23:23:00.395 INFO [localhost-startStop-1] org.apache.catalina.startup.HostConfig.deployDirectory Deployment of web application directory /root/tomcat/tomcat-8.5.11/webapps/host-manager has finished in 19 ms
05-May-2017 23:23:00.415 INFO [main] org.apache.coyote.AbstractProtocol.start Starting ProtocolHandler [http-nio-8080]
05-May-2017 23:23:00.423 INFO [main] org.apache.coyote.AbstractProtocol.start Starting ProtocolHandler [ajp-nio-8009]
05-May-2017 23:23:00.426 INFO [main] org.apache.catalina.startup.Catalina.start Server startup in 113407 ms
05-May-2017 23:23:00.741 INFO [http-nio-8080-exec-1] org.hibernate.Version.logVersion HHH000412: Hibernate Core {5.0.1.Final}
05-May-2017 23:23:00.742 INFO [http-nio-8080-exec-1] org.hibernate.cfg.Environment.<clinit> HHH000206: hibernate.properties not found
05-May-2017 23:23:00.744 INFO [http-nio-8080-exec-1] org.hibernate.cfg.Environment.buildBytecodeProvider HHH000021: Bytecode provider name : javassist
05-May-2017 23:23:01.164 INFO [http-nio-8080-exec-1] org.hibernate.annotations.common.reflection.java.JavaReflectionManager.<clinit> HCANN000001: Hibernate Commons Annotations {5.0.0.Final}
05-May-2017 23:23:01.340 INFO [http-nio-8080-exec-1] org.hibernate.engine.jdbc.connections.internal.ConnectionProviderInitiator.instantiateExplicitConnectionProvider HHH000130: Instantiating explicit connection provider: org.hibernate.connection.C3P0ConnectionProvider
05-May-2017 23:25:07.384 INFO [main] org.apache.catalina.core.StandardServer.await A valid shutdown command was received via the shutdown port. Stopping the Server instance.
05-May-2017 23:25:07.386 INFO [main] org.apache.coyote.AbstractProtocol.pause Pausing ProtocolHandler ["http-nio-8080"]
05-May-2017 23:25:07.441 INFO [main] org.apache.coyote.AbstractProtocol.pause Pausing ProtocolHandler ["ajp-nio-8009"]
05-May-2017 23:25:07.492 INFO [main] org.apache.catalina.core.StandardService.stopInternal Stopping service Catalina
05-May-2017 23:25:07.593 INFO [main] org.apache.coyote.AbstractProtocol.stop Stopping ProtocolHandler ["http-nio-8080"]
05-May-2017 23:25:07.595 INFO [main] org.apache.coyote.AbstractProtocol.stop Stopping ProtocolHandler ["ajp-nio-8009"]
05-May-2017 23:25:07.595 INFO [main] org.apache.coyote.AbstractProtocol.destroy Destroying ProtocolHandler ["http-nio-8080"]
05-May-2017 23:25:07.596 INFO [main] org.apache.coyote.AbstractProtocol.destroy Destroying ProtocolHandler ["ajp-nio-8009"]
05-May-2017 23:25:37.655 INFO [main] org.apache.catalina.startup.VersionLoggerListener.log Server version:        Apache Tomcat/8.5.11
05-May-2017 23:25:37.673 INFO [main] org.apache.catalina.startup.VersionLoggerListener.log Server built:          Jan 10 2017 21:02:52 UTC
05-May-2017 23:25:37.673 INFO [main] org.apache.catalina.startup.VersionLoggerListener.log Server number:         8.5.11.0
05-May-2017 23:25:37.674 INFO [main] org.apache.catalina.startup.VersionLoggerListener.log OS Name:               Linux
05-May-2017 23:25:37.674 INFO [main] org.apache.catalina.startup.VersionLoggerListener.log OS Version:            3.10.0-514.16.1.el7.x86_64
05-May-2017 23:25:37.674 INFO [main] org.apache.catalina.startup.VersionLoggerListener.log Architecture:          amd64
05-May-2017 23:25:37.674 INFO [main] org.apache.catalina.startup.VersionLoggerListener.log Java Home:             /usr/lib/jvm/java-1.8.0-openjdk-1.8.0.131-2.b11.el7_3.x86_64/jre
05-May-2017 23:25:37.674 INFO [main] org.apache.catalina.startup.VersionLoggerListener.log JVM Version:           1.8.0_131-b11
05-May-2017 23:25:37.674 INFO [main] org.apache.catalina.startup.VersionLoggerListener.log JVM Vendor:            Oracle Corporation
05-May-2017 23:25:37.675 INFO [main] org.apache.catalina.startup.VersionLoggerListener.log CATALINA_BASE:         /root/tomcat/tomcat-8.5.11
05-May-2017 23:25:37.675 INFO [main] org.apache.catalina.startup.VersionLoggerListener.log CATALINA_HOME:         /root/tomcat/tomcat-8.5.11
05-May-2017 23:25:37.675 INFO [main] org.apache.catalina.startup.VersionLoggerListener.log Command line argument: -Djava.util.logging.config.file=/root/tomcat/tomcat-8.5.11/conf/logging.properties
05-May-2017 23:25:37.675 INFO [main] org.apache.catalina.startup.VersionLoggerListener.log Command line argument: -Djava.util.logging.manager=org.apache.juli.ClassLoaderLogManager
05-May-2017 23:25:37.676 INFO [main] org.apache.catalina.startup.VersionLoggerListener.log Command line argument: -Djdk.tls.ephemeralDHKeySize=2048
05-May-2017 23:25:37.676 INFO [main] org.apache.catalina.startup.VersionLoggerListener.log Command line argument: -Djava.protocol.handler.pkgs=org.apache.catalina.webresources
05-May-2017 23:25:37.676 INFO [main] org.apache.catalina.startup.VersionLoggerListener.log Command line argument: -Dcatalina.base=/root/tomcat/tomcat-8.5.11
05-May-2017 23:25:37.676 INFO [main] org.apache.catalina.startup.VersionLoggerListener.log Command line argument: -Dcatalina.home=/root/tomcat/tomcat-8.5.11
05-May-2017 23:25:37.676 INFO [main] org.apache.catalina.startup.VersionLoggerListener.log Command line argument: -Djava.io.tmpdir=/root/tomcat/tomcat-8.5.11/temp
05-May-2017 23:25:37.676 INFO [main] org.apache.catalina.core.AprLifecycleListener.lifecycleEvent The APR based Apache Tomcat Native library which allows optimal performance in production environments was not found on the java.library.path: /usr/java/packages/lib/amd64:/usr/lib64:/lib64:/lib:/usr/lib
05-May-2017 23:25:37.969 INFO [main] org.apache.coyote.AbstractProtocol.init Initializing ProtocolHandler ["http-nio-8080"]
05-May-2017 23:25:38.018 INFO [main] org.apache.tomcat.util.net.NioSelectorPool.getSharedSelector Using a shared selector for servlet write/read
05-May-2017 23:25:38.043 INFO [main] org.apache.coyote.AbstractProtocol.init Initializing ProtocolHandler ["ajp-nio-8009"]
05-May-2017 23:25:38.045 INFO [main] org.apache.tomcat.util.net.NioSelectorPool.getSharedSelector Using a shared selector for servlet write/read
05-May-2017 23:25:38.057 INFO [main] org.apache.catalina.startup.Catalina.load Initialization processed in 1321 ms
05-May-2017 23:25:38.108 INFO [main] org.apache.catalina.core.StandardService.startInternal Starting service Catalina
05-May-2017 23:25:38.108 INFO [main] org.apache.catalina.core.StandardEngine.startInternal Starting Servlet Engine: Apache Tomcat/8.5.11
05-May-2017 23:25:38.151 INFO [localhost-startStop-1] org.apache.catalina.startup.HostConfig.deployDirectory Deploying web application directory /root/tomcat/tomcat-8.5.11/webapps/examples
05-May-2017 23:27:01.656 INFO [localhost-startStop-1] org.apache.catalina.util.SessionIdGeneratorBase.createSecureRandom Creation of SecureRandom instance for session ID generation using [SHA1PRNG] took [82,353] milliseconds.
05-May-2017 23:27:01.774 INFO [localhost-startStop-1] org.apache.catalina.startup.HostConfig.deployDirectory Deployment of web application directory /root/tomcat/tomcat-8.5.11/webapps/examples has finished in 83,623 ms
05-May-2017 23:27:01.774 INFO [localhost-startStop-1] org.apache.catalina.startup.HostConfig.deployDirectory Deploying web application directory /root/tomcat/tomcat-8.5.11/webapps/docs
05-May-2017 23:27:01.868 INFO [localhost-startStop-1] org.apache.catalina.startup.HostConfig.deployDirectory Deployment of web application directory /root/tomcat/tomcat-8.5.11/webapps/docs has finished in 94 ms
05-May-2017 23:27:01.868 INFO [localhost-startStop-1] org.apache.catalina.startup.HostConfig.deployDirectory Deploying web application directory /root/tomcat/tomcat-8.5.11/webapps/engreview
05-May-2017 23:27:03.081 INFO [localhost-startStop-1] org.apache.jasper.servlet.TldScanner.scanJars At least one JAR was scanned for TLDs yet contained no TLDs. Enable debug logging for this logger for a complete list of JARs that were scanned but no TLDs were found in them. Skipping unneeded JARs during scanning can improve startup time and JSP compilation time.
05-May-2017 23:27:03.307 INFO [localhost-startStop-1] org.apache.catalina.startup.HostConfig.deployDirectory Deployment of web application directory /root/tomcat/tomcat-8.5.11/webapps/engreview has finished in 1,439 ms
05-May-2017 23:27:03.307 INFO [localhost-startStop-1] org.apache.catalina.startup.HostConfig.deployDirectory Deploying web application directory /root/tomcat/tomcat-8.5.11/webapps/manager
05-May-2017 23:27:03.382 INFO [localhost-startStop-1] org.apache.catalina.startup.HostConfig.deployDirectory Deployment of web application directory /root/tomcat/tomcat-8.5.11/webapps/manager has finished in 75 ms
05-May-2017 23:27:03.383 INFO [localhost-startStop-1] org.apache.catalina.startup.HostConfig.deployDirectory Deploying web application directory /root/tomcat/tomcat-8.5.11/webapps/ROOT
05-May-2017 23:27:03.412 INFO [localhost-startStop-1] org.apache.catalina.startup.HostConfig.deployDirectory Deployment of web application directory /root/tomcat/tomcat-8.5.11/webapps/ROOT has finished in 29 ms
05-May-2017 23:27:03.412 INFO [localhost-startStop-1] org.apache.catalina.startup.HostConfig.deployDirectory Deploying web application directory /root/tomcat/tomcat-8.5.11/webapps/host-manager
05-May-2017 23:27:03.441 INFO [localhost-startStop-1] org.apache.catalina.startup.HostConfig.deployDirectory Deployment of web application directory /root/tomcat/tomcat-8.5.11/webapps/host-manager has finished in 29 ms
05-May-2017 23:27:03.465 INFO [main] org.apache.coyote.AbstractProtocol.start Starting ProtocolHandler [http-nio-8080]
05-May-2017 23:27:03.479 INFO [main] org.apache.coyote.AbstractProtocol.start Starting ProtocolHandler [ajp-nio-8009]
05-May-2017 23:27:03.483 INFO [main] org.apache.catalina.startup.Catalina.start Server startup in 85426 ms
05-May-2017 23:27:04.092 INFO [http-nio-8080-exec-2] org.hibernate.Version.logVersion HHH000412: Hibernate Core {5.0.1.Final}
05-May-2017 23:27:04.109 INFO [http-nio-8080-exec-2] org.hibernate.cfg.Environment.<clinit> HHH000206: hibernate.properties not found
05-May-2017 23:27:04.111 INFO [http-nio-8080-exec-2] org.hibernate.cfg.Environment.buildBytecodeProvider HHH000021: Bytecode provider name : javassist
05-May-2017 23:27:04.618 INFO [http-nio-8080-exec-3] org.hibernate.annotations.common.reflection.java.JavaReflectionManager.<clinit> HCANN000001: Hibernate Commons Annotations {5.0.0.Final}
05-May-2017 23:27:04.791 WARN [http-nio-8080-exec-3] org.hibernate.engine.jdbc.connections.internal.DriverManagerConnectionProviderImpl.configure HHH000402: Using Hibernate built-in connection pool (not for production use!)
05-May-2017 23:27:04.797 WARN [http-nio-8080-exec-2] org.hibernate.engine.jdbc.connections.internal.DriverManagerConnectionProviderImpl.configure HHH000402: Using Hibernate built-in connection pool (not for production use!)
05-May-2017 23:27:04.801 INFO [http-nio-8080-exec-2] org.hibernate.engine.jdbc.connections.internal.DriverManagerConnectionProviderImpl.buildCreator HHH000401: using driver [com.mysql.jdbc.Driver] at URL [jdbc:mysql://localhost/engreview?UseUnicode=true&characterEncoding=utf8;]
05-May-2017 23:27:04.801 INFO [http-nio-8080-exec-2] org.hibernate.engine.jdbc.connections.internal.DriverManagerConnectionProviderImpl.buildCreator HHH000046: Connection properties: {user=root, password=****, CharSet=utf8, characterEncoding=utf8}
05-May-2017 23:27:04.801 INFO [http-nio-8080-exec-2] org.hibernate.engine.jdbc.connections.internal.DriverManagerConnectionProviderImpl.buildCreator HHH000006: Autocommit mode: false
05-May-2017 23:27:04.802 INFO [http-nio-8080-exec-2] org.hibernate.engine.jdbc.connections.internal.DriverManagerConnectionProviderImpl.configure HHH000115: Hibernate connection pool size: 20 (min=1)
05-May-2017 23:27:04.811 INFO [http-nio-8080-exec-3] org.hibernate.engine.jdbc.connections.internal.DriverManagerConnectionProviderImpl.buildCreator HHH000401: using driver [com.mysql.jdbc.Driver] at URL [jdbc:mysql://localhost/engreview?UseUnicode=true&characterEncoding=utf8;]
05-May-2017 23:27:04.811 INFO [http-nio-8080-exec-3] org.hibernate.engine.jdbc.connections.internal.DriverManagerConnectionProviderImpl.buildCreator HHH000046: Connection properties: {user=root, password=****, CharSet=utf8, characterEncoding=utf8}
05-May-2017 23:27:04.811 INFO [http-nio-8080-exec-3] org.hibernate.engine.jdbc.connections.internal.DriverManagerConnectionProviderImpl.buildCreator HHH000006: Autocommit mode: false
05-May-2017 23:27:04.812 INFO [http-nio-8080-exec-3] org.hibernate.engine.jdbc.connections.internal.DriverManagerConnectionProviderImpl.configure HHH000115: Hibernate connection pool size: 20 (min=1)
05-May-2017 23:27:05.227 INFO [http-nio-8080-exec-2] org.hibernate.dialect.Dialect.<init> HHH000400: Using dialect: org.hibernate.dialect.MySQLDialect
05-May-2017 23:27:05.228 INFO [http-nio-8080-exec-3] org.hibernate.dialect.Dialect.<init> HHH000400: Using dialect: org.hibernate.dialect.MySQLDialect
05-May-2017 23:27:06.247 INFO [http-nio-8080-exec-2] org.hibernate.tool.hbm2ddl.SchemaUpdate.execute HHH000228: Running hbm2ddl schema update
05-May-2017 23:27:06.275 INFO [http-nio-8080-exec-3] org.hibernate.tool.hbm2ddl.SchemaUpdate.execute HHH000228: Running hbm2ddl schema update
05-May-2017 23:27:06.556 INFO [http-nio-8080-exec-2] org.hibernate.hql.internal.QueryTranslatorFactoryInitiator.initiateService HHH000397: Using ASTQueryTranslatorFactory
05-May-2017 23:27:06.570 INFO [http-nio-8080-exec-3] org.hibernate.hql.internal.QueryTranslatorFactoryInitiator.initiateService HHH000397: Using ASTQueryTranslatorFactory
