26-Apr-2017 12:17:03.383 INFO [main] org.apache.catalina.startup.VersionLoggerListener.log Server version:        Apache Tomcat/8.5.11
26-Apr-2017 12:17:03.386 INFO [main] org.apache.catalina.startup.VersionLoggerListener.log Server built:          Jan 10 2017 21:02:52 UTC
26-Apr-2017 12:17:03.386 INFO [main] org.apache.catalina.startup.VersionLoggerListener.log Server number:         8.5.11.0
26-Apr-2017 12:17:03.386 INFO [main] org.apache.catalina.startup.VersionLoggerListener.log OS Name:               Linux
26-Apr-2017 12:17:03.386 INFO [main] org.apache.catalina.startup.VersionLoggerListener.log OS Version:            3.10.0-514.10.2.el7.x86_64
26-Apr-2017 12:17:03.386 INFO [main] org.apache.catalina.startup.VersionLoggerListener.log Architecture:          amd64
26-Apr-2017 12:17:03.386 INFO [main] org.apache.catalina.startup.VersionLoggerListener.log Java Home:             /usr/lib/jvm/java-1.8.0-openjdk-1.8.0.131-2.b11.el7_3.x86_64/jre
26-Apr-2017 12:17:03.386 INFO [main] org.apache.catalina.startup.VersionLoggerListener.log JVM Version:           1.8.0_131-b11
26-Apr-2017 12:17:03.386 INFO [main] org.apache.catalina.startup.VersionLoggerListener.log JVM Vendor:            Oracle Corporation
26-Apr-2017 12:17:03.386 INFO [main] org.apache.catalina.startup.VersionLoggerListener.log CATALINA_BASE:         /root/tomcat/tomcat-8.5.11
26-Apr-2017 12:17:03.387 INFO [main] org.apache.catalina.startup.VersionLoggerListener.log CATALINA_HOME:         /root/tomcat/tomcat-8.5.11
26-Apr-2017 12:17:03.387 INFO [main] org.apache.catalina.startup.VersionLoggerListener.log Command line argument: -Djava.util.logging.config.file=/root/tomcat/tomcat-8.5.11/conf/logging.properties
26-Apr-2017 12:17:03.387 INFO [main] org.apache.catalina.startup.VersionLoggerListener.log Command line argument: -Djava.util.logging.manager=org.apache.juli.ClassLoaderLogManager
26-Apr-2017 12:17:03.387 INFO [main] org.apache.catalina.startup.VersionLoggerListener.log Command line argument: -Djdk.tls.ephemeralDHKeySize=2048
26-Apr-2017 12:17:03.387 INFO [main] org.apache.catalina.startup.VersionLoggerListener.log Command line argument: -Djava.protocol.handler.pkgs=org.apache.catalina.webresources
26-Apr-2017 12:17:03.387 INFO [main] org.apache.catalina.startup.VersionLoggerListener.log Command line argument: -Dcatalina.base=/root/tomcat/tomcat-8.5.11
26-Apr-2017 12:17:03.387 INFO [main] org.apache.catalina.startup.VersionLoggerListener.log Command line argument: -Dcatalina.home=/root/tomcat/tomcat-8.5.11
26-Apr-2017 12:17:03.388 INFO [main] org.apache.catalina.startup.VersionLoggerListener.log Command line argument: -Djava.io.tmpdir=/root/tomcat/tomcat-8.5.11/temp
26-Apr-2017 12:17:03.388 INFO [main] org.apache.catalina.core.AprLifecycleListener.lifecycleEvent The APR based Apache Tomcat Native library which allows optimal performance in production environments was not found on the java.library.path: /usr/java/packages/lib/amd64:/usr/lib64:/lib64:/lib:/usr/lib
26-Apr-2017 12:17:03.634 INFO [main] org.apache.coyote.AbstractProtocol.init Initializing ProtocolHandler ["http-nio-8080"]
26-Apr-2017 12:17:03.679 SEVERE [main] org.apache.coyote.AbstractProtocol.init Failed to initialize end point associated with ProtocolHandler ["http-nio-8080"]
 java.net.BindException: Address already in use
	at sun.nio.ch.Net.bind0(Native Method)
	at sun.nio.ch.Net.bind(Net.java:433)
	at sun.nio.ch.Net.bind(Net.java:425)
	at sun.nio.ch.ServerSocketChannelImpl.bind(ServerSocketChannelImpl.java:223)
	at sun.nio.ch.ServerSocketAdaptor.bind(ServerSocketAdaptor.java:74)
	at org.apache.tomcat.util.net.NioEndpoint.bind(NioEndpoint.java:210)
	at org.apache.tomcat.util.net.AbstractEndpoint.init(AbstractEndpoint.java:972)
	at org.apache.tomcat.util.net.AbstractJsseEndpoint.init(AbstractJsseEndpoint.java:237)
	at org.apache.coyote.AbstractProtocol.init(AbstractProtocol.java:558)
	at org.apache.coyote.http11.AbstractHttp11Protocol.init(AbstractHttp11Protocol.java:65)
	at org.apache.catalina.connector.Connector.initInternal(Connector.java:968)
	at org.apache.catalina.util.LifecycleBase.init(LifecycleBase.java:107)
	at org.apache.catalina.core.StandardService.initInternal(StandardService.java:549)
	at org.apache.catalina.util.LifecycleBase.init(LifecycleBase.java:107)
	at org.apache.catalina.core.StandardServer.initInternal(StandardServer.java:875)
	at org.apache.catalina.util.LifecycleBase.init(LifecycleBase.java:107)
	at org.apache.catalina.startup.Catalina.load(Catalina.java:606)
	at org.apache.catalina.startup.Catalina.load(Catalina.java:629)
	at sun.reflect.NativeMethodAccessorImpl.invoke0(Native Method)
	at sun.reflect.NativeMethodAccessorImpl.invoke(NativeMethodAccessorImpl.java:62)
	at sun.reflect.DelegatingMethodAccessorImpl.invoke(DelegatingMethodAccessorImpl.java:43)
	at java.lang.reflect.Method.invoke(Method.java:498)
	at org.apache.catalina.startup.Bootstrap.load(Bootstrap.java:311)
	at org.apache.catalina.startup.Bootstrap.main(Bootstrap.java:494)

26-Apr-2017 12:17:03.680 SEVERE [main] org.apache.catalina.core.StandardService.initInternal Failed to initialize connector [Connector[HTTP/1.1-8080]]
 org.apache.catalina.LifecycleException: Failed to initialize component [Connector[HTTP/1.1-8080]]
	at org.apache.catalina.util.LifecycleBase.init(LifecycleBase.java:112)
	at org.apache.catalina.core.StandardService.initInternal(StandardService.java:549)
	at org.apache.catalina.util.LifecycleBase.init(LifecycleBase.java:107)
	at org.apache.catalina.core.StandardServer.initInternal(StandardServer.java:875)
	at org.apache.catalina.util.LifecycleBase.init(LifecycleBase.java:107)
	at org.apache.catalina.startup.Catalina.load(Catalina.java:606)
	at org.apache.catalina.startup.Catalina.load(Catalina.java:629)
	at sun.reflect.NativeMethodAccessorImpl.invoke0(Native Method)
	at sun.reflect.NativeMethodAccessorImpl.invoke(NativeMethodAccessorImpl.java:62)
	at sun.reflect.DelegatingMethodAccessorImpl.invoke(DelegatingMethodAccessorImpl.java:43)
	at java.lang.reflect.Method.invoke(Method.java:498)
	at org.apache.catalina.startup.Bootstrap.load(Bootstrap.java:311)
	at org.apache.catalina.startup.Bootstrap.main(Bootstrap.java:494)
Caused by: org.apache.catalina.LifecycleException: Protocol handler initialization failed
	at org.apache.catalina.connector.Connector.initInternal(Connector.java:970)
	at org.apache.catalina.util.LifecycleBase.init(LifecycleBase.java:107)
	... 12 more
Caused by: java.net.BindException: Address already in use
	at sun.nio.ch.Net.bind0(Native Method)
	at sun.nio.ch.Net.bind(Net.java:433)
	at sun.nio.ch.Net.bind(Net.java:425)
	at sun.nio.ch.ServerSocketChannelImpl.bind(ServerSocketChannelImpl.java:223)
	at sun.nio.ch.ServerSocketAdaptor.bind(ServerSocketAdaptor.java:74)
	at org.apache.tomcat.util.net.NioEndpoint.bind(NioEndpoint.java:210)
	at org.apache.tomcat.util.net.AbstractEndpoint.init(AbstractEndpoint.java:972)
	at org.apache.tomcat.util.net.AbstractJsseEndpoint.init(AbstractJsseEndpoint.java:237)
	at org.apache.coyote.AbstractProtocol.init(AbstractProtocol.java:558)
	at org.apache.coyote.http11.AbstractHttp11Protocol.init(AbstractHttp11Protocol.java:65)
	at org.apache.catalina.connector.Connector.initInternal(Connector.java:968)
	... 13 more

26-Apr-2017 12:17:03.681 INFO [main] org.apache.coyote.AbstractProtocol.init Initializing ProtocolHandler ["ajp-nio-8009"]
26-Apr-2017 12:17:03.682 SEVERE [main] org.apache.coyote.AbstractProtocol.init Failed to initialize end point associated with ProtocolHandler ["ajp-nio-8009"]
 java.net.BindException: Address already in use
	at sun.nio.ch.Net.bind0(Native Method)
	at sun.nio.ch.Net.bind(Net.java:433)
	at sun.nio.ch.Net.bind(Net.java:425)
	at sun.nio.ch.ServerSocketChannelImpl.bind(ServerSocketChannelImpl.java:223)
	at sun.nio.ch.ServerSocketAdaptor.bind(ServerSocketAdaptor.java:74)
	at org.apache.tomcat.util.net.NioEndpoint.bind(NioEndpoint.java:210)
	at org.apache.tomcat.util.net.AbstractEndpoint.init(AbstractEndpoint.java:972)
	at org.apache.tomcat.util.net.AbstractJsseEndpoint.init(AbstractJsseEndpoint.java:237)
	at org.apache.coyote.AbstractProtocol.init(AbstractProtocol.java:558)
	at org.apache.catalina.connector.Connector.initInternal(Connector.java:968)
	at org.apache.catalina.util.LifecycleBase.init(LifecycleBase.java:107)
	at org.apache.catalina.core.StandardService.initInternal(StandardService.java:549)
	at org.apache.catalina.util.LifecycleBase.init(LifecycleBase.java:107)
	at org.apache.catalina.core.StandardServer.initInternal(StandardServer.java:875)
	at org.apache.catalina.util.LifecycleBase.init(LifecycleBase.java:107)
	at org.apache.catalina.startup.Catalina.load(Catalina.java:606)
	at org.apache.catalina.startup.Catalina.load(Catalina.java:629)
	at sun.reflect.NativeMethodAccessorImpl.invoke0(Native Method)
	at sun.reflect.NativeMethodAccessorImpl.invoke(NativeMethodAccessorImpl.java:62)
	at sun.reflect.DelegatingMethodAccessorImpl.invoke(DelegatingMethodAccessorImpl.java:43)
	at java.lang.reflect.Method.invoke(Method.java:498)
	at org.apache.catalina.startup.Bootstrap.load(Bootstrap.java:311)
	at org.apache.catalina.startup.Bootstrap.main(Bootstrap.java:494)

26-Apr-2017 12:17:03.683 SEVERE [main] org.apache.catalina.core.StandardService.initInternal Failed to initialize connector [Connector[AJP/1.3-8009]]
 org.apache.catalina.LifecycleException: Failed to initialize component [Connector[AJP/1.3-8009]]
	at org.apache.catalina.util.LifecycleBase.init(LifecycleBase.java:112)
	at org.apache.catalina.core.StandardService.initInternal(StandardService.java:549)
	at org.apache.catalina.util.LifecycleBase.init(LifecycleBase.java:107)
	at org.apache.catalina.core.StandardServer.initInternal(StandardServer.java:875)
	at org.apache.catalina.util.LifecycleBase.init(LifecycleBase.java:107)
	at org.apache.catalina.startup.Catalina.load(Catalina.java:606)
	at org.apache.catalina.startup.Catalina.load(Catalina.java:629)
	at sun.reflect.NativeMethodAccessorImpl.invoke0(Native Method)
	at sun.reflect.NativeMethodAccessorImpl.invoke(NativeMethodAccessorImpl.java:62)
	at sun.reflect.DelegatingMethodAccessorImpl.invoke(DelegatingMethodAccessorImpl.java:43)
	at java.lang.reflect.Method.invoke(Method.java:498)
	at org.apache.catalina.startup.Bootstrap.load(Bootstrap.java:311)
	at org.apache.catalina.startup.Bootstrap.main(Bootstrap.java:494)
Caused by: org.apache.catalina.LifecycleException: Protocol handler initialization failed
	at org.apache.catalina.connector.Connector.initInternal(Connector.java:970)
	at org.apache.catalina.util.LifecycleBase.init(LifecycleBase.java:107)
	... 12 more
Caused by: java.net.BindException: Address already in use
	at sun.nio.ch.Net.bind0(Native Method)
	at sun.nio.ch.Net.bind(Net.java:433)
	at sun.nio.ch.Net.bind(Net.java:425)
	at sun.nio.ch.ServerSocketChannelImpl.bind(ServerSocketChannelImpl.java:223)
	at sun.nio.ch.ServerSocketAdaptor.bind(ServerSocketAdaptor.java:74)
	at org.apache.tomcat.util.net.NioEndpoint.bind(NioEndpoint.java:210)
	at org.apache.tomcat.util.net.AbstractEndpoint.init(AbstractEndpoint.java:972)
	at org.apache.tomcat.util.net.AbstractJsseEndpoint.init(AbstractJsseEndpoint.java:237)
	at org.apache.coyote.AbstractProtocol.init(AbstractProtocol.java:558)
	at org.apache.catalina.connector.Connector.initInternal(Connector.java:968)
	... 13 more

26-Apr-2017 12:17:03.683 INFO [main] org.apache.catalina.startup.Catalina.load Initialization processed in 1286 ms
26-Apr-2017 12:17:03.755 INFO [main] org.apache.catalina.core.StandardService.startInternal Starting service Catalina
26-Apr-2017 12:17:03.755 INFO [main] org.apache.catalina.core.StandardEngine.startInternal Starting Servlet Engine: Apache Tomcat/8.5.11
26-Apr-2017 12:17:03.790 INFO [localhost-startStop-1] org.apache.catalina.startup.HostConfig.deployDirectory Deploying web application directory /root/tomcat/tomcat-8.5.11/webapps/examples
26-Apr-2017 12:17:05.019 INFO [localhost-startStop-1] org.apache.catalina.startup.HostConfig.deployDirectory Deployment of web application directory /root/tomcat/tomcat-8.5.11/webapps/examples has finished in 1,228 ms
26-Apr-2017 12:17:05.019 INFO [localhost-startStop-1] org.apache.catalina.startup.HostConfig.deployDirectory Deploying web application directory /root/tomcat/tomcat-8.5.11/webapps/docs
26-Apr-2017 12:17:05.051 INFO [localhost-startStop-1] org.apache.catalina.startup.HostConfig.deployDirectory Deployment of web application directory /root/tomcat/tomcat-8.5.11/webapps/docs has finished in 32 ms
26-Apr-2017 12:17:05.051 INFO [localhost-startStop-1] org.apache.catalina.startup.HostConfig.deployDirectory Deploying web application directory /root/tomcat/tomcat-8.5.11/webapps/manager
26-Apr-2017 12:17:05.109 INFO [localhost-startStop-1] org.apache.catalina.startup.HostConfig.deployDirectory Deployment of web application directory /root/tomcat/tomcat-8.5.11/webapps/manager has finished in 58 ms
26-Apr-2017 12:17:05.109 INFO [localhost-startStop-1] org.apache.catalina.startup.HostConfig.deployDirectory Deploying web application directory /root/tomcat/tomcat-8.5.11/webapps/ROOT
26-Apr-2017 12:17:05.145 INFO [localhost-startStop-1] org.apache.catalina.startup.HostConfig.deployDirectory Deployment of web application directory /root/tomcat/tomcat-8.5.11/webapps/ROOT has finished in 35 ms
26-Apr-2017 12:17:05.145 INFO [localhost-startStop-1] org.apache.catalina.startup.HostConfig.deployDirectory Deploying web application directory /root/tomcat/tomcat-8.5.11/webapps/host-manager
26-Apr-2017 12:17:05.192 INFO [localhost-startStop-1] org.apache.catalina.startup.HostConfig.deployDirectory Deployment of web application directory /root/tomcat/tomcat-8.5.11/webapps/host-manager has finished in 47 ms
26-Apr-2017 12:17:05.206 INFO [main] org.apache.catalina.startup.Catalina.start Server startup in 1522 ms
26-Apr-2017 12:17:05.208 SEVERE [main] org.apache.catalina.core.StandardServer.await StandardServer.await: create[localhost:8005]: 
 java.net.BindException: Address already in use (Bind failed)
	at java.net.PlainSocketImpl.socketBind(Native Method)
	at java.net.AbstractPlainSocketImpl.bind(AbstractPlainSocketImpl.java:387)
	at java.net.ServerSocket.bind(ServerSocket.java:375)
	at java.net.ServerSocket.<init>(ServerSocket.java:237)
	at org.apache.catalina.core.StandardServer.await(StandardServer.java:440)
	at org.apache.catalina.startup.Catalina.await(Catalina.java:743)
	at org.apache.catalina.startup.Catalina.start(Catalina.java:689)
	at sun.reflect.NativeMethodAccessorImpl.invoke0(Native Method)
	at sun.reflect.NativeMethodAccessorImpl.invoke(NativeMethodAccessorImpl.java:62)
	at sun.reflect.DelegatingMethodAccessorImpl.invoke(DelegatingMethodAccessorImpl.java:43)
	at java.lang.reflect.Method.invoke(Method.java:498)
	at org.apache.catalina.startup.Bootstrap.start(Bootstrap.java:355)
	at org.apache.catalina.startup.Bootstrap.main(Bootstrap.java:495)

26-Apr-2017 12:17:05.208 INFO [main] org.apache.coyote.AbstractProtocol.pause Pausing ProtocolHandler ["http-nio-8080"]
26-Apr-2017 12:17:05.208 INFO [main] org.apache.coyote.AbstractProtocol.pause Pausing ProtocolHandler ["ajp-nio-8009"]
26-Apr-2017 12:17:05.208 INFO [main] org.apache.catalina.core.StandardService.stopInternal Stopping service Catalina
26-Apr-2017 12:17:05.253 INFO [1] org.apache.coyote.AbstractProtocol.stop Stopping ProtocolHandler ["http-nio-8080"]
26-Apr-2017 12:51:49.793 INFO [main] org.apache.catalina.startup.VersionLoggerListener.log Server version:        Apache Tomcat/8.5.11
26-Apr-2017 12:51:49.797 INFO [main] org.apache.catalina.startup.VersionLoggerListener.log Server built:          Jan 10 2017 21:02:52 UTC
26-Apr-2017 12:51:49.797 INFO [main] org.apache.catalina.startup.VersionLoggerListener.log Server number:         8.5.11.0
26-Apr-2017 12:51:49.797 INFO [main] org.apache.catalina.startup.VersionLoggerListener.log OS Name:               Linux
26-Apr-2017 12:51:49.798 INFO [main] org.apache.catalina.startup.VersionLoggerListener.log OS Version:            3.10.0-514.10.2.el7.x86_64
26-Apr-2017 12:51:49.798 INFO [main] org.apache.catalina.startup.VersionLoggerListener.log Architecture:          amd64
26-Apr-2017 12:51:49.798 INFO [main] org.apache.catalina.startup.VersionLoggerListener.log Java Home:             /usr/lib/jvm/java-1.8.0-openjdk-1.8.0.131-2.b11.el7_3.x86_64/jre
26-Apr-2017 12:51:49.798 INFO [main] org.apache.catalina.startup.VersionLoggerListener.log JVM Version:           1.8.0_131-b11
26-Apr-2017 12:51:49.798 INFO [main] org.apache.catalina.startup.VersionLoggerListener.log JVM Vendor:            Oracle Corporation
26-Apr-2017 12:51:49.798 INFO [main] org.apache.catalina.startup.VersionLoggerListener.log CATALINA_BASE:         /root/tomcat/tomcat-8.5.11
26-Apr-2017 12:51:49.798 INFO [main] org.apache.catalina.startup.VersionLoggerListener.log CATALINA_HOME:         /root/tomcat/tomcat-8.5.11
26-Apr-2017 12:51:49.799 INFO [main] org.apache.catalina.startup.VersionLoggerListener.log Command line argument: -Djava.util.logging.config.file=/root/tomcat/tomcat-8.5.11/conf/logging.properties
26-Apr-2017 12:51:49.799 INFO [main] org.apache.catalina.startup.VersionLoggerListener.log Command line argument: -Djava.util.logging.manager=org.apache.juli.ClassLoaderLogManager
26-Apr-2017 12:51:49.815 INFO [main] org.apache.catalina.startup.VersionLoggerListener.log Command line argument: -Djdk.tls.ephemeralDHKeySize=2048
26-Apr-2017 12:51:49.815 INFO [main] org.apache.catalina.startup.VersionLoggerListener.log Command line argument: -Djava.protocol.handler.pkgs=org.apache.catalina.webresources
26-Apr-2017 12:51:49.816 INFO [main] org.apache.catalina.startup.VersionLoggerListener.log Command line argument: -Dcatalina.base=/root/tomcat/tomcat-8.5.11
26-Apr-2017 12:51:49.816 INFO [main] org.apache.catalina.startup.VersionLoggerListener.log Command line argument: -Dcatalina.home=/root/tomcat/tomcat-8.5.11
26-Apr-2017 12:51:49.816 INFO [main] org.apache.catalina.startup.VersionLoggerListener.log Command line argument: -Djava.io.tmpdir=/root/tomcat/tomcat-8.5.11/temp
26-Apr-2017 12:51:49.816 INFO [main] org.apache.catalina.core.AprLifecycleListener.lifecycleEvent The APR based Apache Tomcat Native library which allows optimal performance in production environments was not found on the java.library.path: /usr/java/packages/lib/amd64:/usr/lib64:/lib64:/lib:/usr/lib
26-Apr-2017 12:51:50.134 INFO [main] org.apache.coyote.AbstractProtocol.init Initializing ProtocolHandler ["http-nio-8080"]
26-Apr-2017 12:51:50.184 INFO [main] org.apache.tomcat.util.net.NioSelectorPool.getSharedSelector Using a shared selector for servlet write/read
26-Apr-2017 12:51:50.199 INFO [main] org.apache.coyote.AbstractProtocol.init Initializing ProtocolHandler ["ajp-nio-8009"]
26-Apr-2017 12:51:50.201 INFO [main] org.apache.tomcat.util.net.NioSelectorPool.getSharedSelector Using a shared selector for servlet write/read
26-Apr-2017 12:51:50.215 INFO [main] org.apache.catalina.startup.Catalina.load Initialization processed in 1487 ms
26-Apr-2017 12:51:50.270 INFO [main] org.apache.catalina.core.StandardService.startInternal Starting service Catalina
26-Apr-2017 12:51:50.270 INFO [main] org.apache.catalina.core.StandardEngine.startInternal Starting Servlet Engine: Apache Tomcat/8.5.11
26-Apr-2017 12:51:50.317 INFO [localhost-startStop-1] org.apache.catalina.startup.HostConfig.deployDirectory Deploying web application directory /root/tomcat/tomcat-8.5.11/webapps/examples
26-Apr-2017 12:51:51.651 INFO [localhost-startStop-1] org.apache.catalina.startup.HostConfig.deployDirectory Deployment of web application directory /root/tomcat/tomcat-8.5.11/webapps/examples has finished in 1,333 ms
26-Apr-2017 12:51:51.651 INFO [localhost-startStop-1] org.apache.catalina.startup.HostConfig.deployDirectory Deploying web application directory /root/tomcat/tomcat-8.5.11/webapps/docs
26-Apr-2017 12:51:51.700 INFO [localhost-startStop-1] org.apache.catalina.startup.HostConfig.deployDirectory Deployment of web application directory /root/tomcat/tomcat-8.5.11/webapps/docs has finished in 49 ms
26-Apr-2017 12:51:51.700 INFO [localhost-startStop-1] org.apache.catalina.startup.HostConfig.deployDirectory Deploying web application directory /root/tomcat/tomcat-8.5.11/webapps/manager
26-Apr-2017 12:51:51.747 INFO [localhost-startStop-1] org.apache.catalina.startup.HostConfig.deployDirectory Deployment of web application directory /root/tomcat/tomcat-8.5.11/webapps/manager has finished in 47 ms
26-Apr-2017 12:51:51.747 INFO [localhost-startStop-1] org.apache.catalina.startup.HostConfig.deployDirectory Deploying web application directory /root/tomcat/tomcat-8.5.11/webapps/ROOT
26-Apr-2017 12:51:51.774 INFO [localhost-startStop-1] org.apache.catalina.startup.HostConfig.deployDirectory Deployment of web application directory /root/tomcat/tomcat-8.5.11/webapps/ROOT has finished in 27 ms
26-Apr-2017 12:51:51.774 INFO [localhost-startStop-1] org.apache.catalina.startup.HostConfig.deployDirectory Deploying web application directory /root/tomcat/tomcat-8.5.11/webapps/host-manager
26-Apr-2017 12:51:51.803 INFO [localhost-startStop-1] org.apache.catalina.startup.HostConfig.deployDirectory Deployment of web application directory /root/tomcat/tomcat-8.5.11/webapps/host-manager has finished in 28 ms
26-Apr-2017 12:51:51.819 INFO [main] org.apache.coyote.AbstractProtocol.start Starting ProtocolHandler [http-nio-8080]
26-Apr-2017 12:51:51.853 INFO [main] org.apache.coyote.AbstractProtocol.start Starting ProtocolHandler [ajp-nio-8009]
26-Apr-2017 12:51:51.854 INFO [main] org.apache.catalina.startup.Catalina.start Server startup in 1638 ms
